# JRE version: OpenJDK Runtime Environment (8.0_152-b01) (build 1.8.0_152-release-1343-b01)
# Java VM: OpenJDK 64-Bit Server VM (25.152-b01 mixed mode windows-amd64 compressed oops)
Heap:
 PSYoungGen      total 242688K, used 219989K [0x00000000e0000000, 0x00000000f1800000, 0x0000000100000000)
  eden space 223232K, 89% used [0x00000000e0000000,0x00000000ec41d640,0x00000000eda00000)
  from space 19456K, 98% used [0x00000000ee200000,0x00000000ef4b8020,0x00000000ef500000)
  to   space 31744K, 0% used [0x00000000ef900000,0x00000000ef900000,0x00000000f1800000)
 ParOldGen       total 125440K, used 85895K [0x00000000a0000000, 0x00000000a7a80000, 0x00000000e0000000)
  object space 125440K, 68% used [0x00000000a0000000,0x00000000a53e1fa8,0x00000000a7a80000)
 Metaspace       used 85437K, capacity 89658K, committed 89880K, reserved 1126400K
  class space    used 11123K, capacity 11984K, committed 12072K, reserved 1048576K
GC Heap History (10 events):
Event: 24.175 GC heap before
{Heap before GC invocations=16 (full 3):
 PSYoungGen      total 184320K, used 183902K [0x00000000e0000000, 0x00000000edd00000, 0x0000000100000000)
  eden space 171008K, 100% used [0x00000000e0000000,0x00000000ea700000,0x00000000ea700000)
  from space 13312K, 96% used [0x00000000ed000000,0x00000000edc97960,0x00000000edd00000)
  to   space 18944K, 0% used [0x00000000eb800000,0x00000000eb800000,0x00000000eca80000)
 ParOldGen       total 125440K, used 35692K [0x00000000a0000000, 0x00000000a7a80000, 0x00000000e0000000)
  object space 125440K, 28% used [0x00000000a0000000,0x00000000a22db0e8,0x00000000a7a80000)
 Metaspace       used 67983K, capacity 70092K, committed 70424K, reserved 1110016K
  class space    used 9131K, capacity 9643K, committed 9768K, reserved 1048576K
Event: 24.213 GC heap after
Heap after GC invocations=16 (full 3):
 PSYoungGen      total 207360K, used 18937K [0x00000000e0000000, 0x00000000f0800000, 0x0000000100000000)
  eden space 188416K, 0% used [0x00000000e0000000,0x00000000e0000000,0x00000000eb800000)
  from space 18944K, 99% used [0x00000000eb800000,0x00000000eca7e4e0,0x00000000eca80000)
  to   space 33792K, 0% used [0x00000000ee700000,0x00000000ee700000,0x00000000f0800000)
 ParOldGen       total 125440K, used 70023K [0x00000000a0000000, 0x00000000a7a80000, 0x00000000e0000000)
  object space 125440K, 55% used [0x00000000a0000000,0x00000000a4461f30,0x00000000a7a80000)
 Metaspace       used 67983K, capacity 70092K, committed 70424K, reserved 1110016K
  class space    used 9131K, capacity 9643K, committed 9768K, reserved 1048576K
}
Event: 27.385 GC heap before
{Heap before GC invocations=17 (full 3):
 PSYoungGen      total 207360K, used 207196K [0x00000000e0000000, 0x00000000f0800000, 0x0000000100000000)
  eden space 188416K, 99% used [0x00000000e0000000,0x00000000eb7d8c10,0x00000000eb800000)
  from space 18944K, 99% used [0x00000000eb800000,0x00000000eca7e4e0,0x00000000eca80000)
  to   space 33792K, 0% used [0x00000000ee700000,0x00000000ee700000,0x00000000f0800000)
 ParOldGen       total 125440K, used 70023K [0x00000000a0000000, 0x00000000a7a80000, 0x00000000e0000000)
  object space 125440K, 55% used [0x00000000a0000000,0x00000000a4461f30,0x00000000a7a80000)
 Metaspace       used 72797K, capacity 75586K, committed 75928K, reserved 1114112K
  class space    used 9693K, capacity 10294K, committed 10408K, reserved 1048576K
Event: 27.412 GC heap after
Heap after GC invocations=17 (full 3):
 PSYoungGen      total 238080K, used 13259K [0x00000000e0000000, 0x00000000f1800000, 0x0000000100000000)
  eden space 204288K, 0% used [0x00000000e0000000,0x00000000e0000000,0x00000000ec780000)
  from space 33792K, 39% used [0x00000000ee700000,0x00000000ef3f2f10,0x00000000f0800000)
  to   space 32256K, 0% used [0x00000000ec780000,0x00000000ec780000,0x00000000ee700000)
 ParOldGen       total 125440K, used 85871K [0x00000000a0000000, 0x00000000a7a80000, 0x00000000e0000000)
  object space 125440K, 68% used [0x00000000a0000000,0x00000000a53dbfa8,0x00000000a7a80000)
 Metaspace       used 72797K, capacity 75586K, committed 75928K, reserved 1114112K
  class space    used 9693K, capacity 10294K, committed 10408K, reserved 1048576K
}
Event: 30.473 GC heap before
{Heap before GC invocations=18 (full 3):
 PSYoungGen      total 238080K, used 217547K [0x00000000e0000000, 0x00000000f1800000, 0x0000000100000000)
  eden space 204288K, 100% used [0x00000000e0000000,0x00000000ec780000,0x00000000ec780000)
  from space 33792K, 39% used [0x00000000ee700000,0x00000000ef3f2f10,0x00000000f0800000)
  to   space 32256K, 0% used [0x00000000ec780000,0x00000000ec780000,0x00000000ee700000)
 ParOldGen       total 125440K, used 85871K [0x00000000a0000000, 0x00000000a7a80000, 0x00000000e0000000)
  object space 125440K, 68% used [0x00000000a0000000,0x00000000a53dbfa8,0x00000000a7a80000)
 Metaspace       used 74936K, capacity 77894K, committed 77976K, reserved 1116160K
  class space    used 9977K, capacity 10624K, committed 10664K, reserved 1048576K
Event: 30.488 GC heap after
Heap after GC invocations=18 (full 3):
 PSYoungGen      total 236544K, used 4950K [0x00000000e0000000, 0x00000000f2600000, 0x0000000100000000)
  eden space 204288K, 0% used [0x00000000e0000000,0x00000000e0000000,0x00000000ec780000)
  from space 32256K, 15% used [0x00000000ec780000,0x00000000ecc55808,0x00000000ee700000)
  to   space 31744K, 0% used [0x00000000f0700000,0x00000000f0700000,0x00000000f2600000)
 ParOldGen       total 125440K, used 85879K [0x00000000a0000000, 0x00000000a7a80000, 0x00000000e0000000)
  object space 125440K, 68% used [0x00000000a0000000,0x00000000a53ddfa8,0x00000000a7a80000)
 Metaspace       used 74936K, capacity 77894K, committed 77976K, reserved 1116160K
  class space    used 9977K, capacity 10624K, committed 10664K, reserved 1048576K
}
Event: 149.593 GC heap before
{Heap before GC invocations=19 (full 3):
 PSYoungGen      total 236544K, used 209238K [0x00000000e0000000, 0x00000000f2600000, 0x0000000100000000)
  eden space 204288K, 100% used [0x00000000e0000000,0x00000000ec780000,0x00000000ec780000)
  from space 32256K, 15% used [0x00000000ec780000,0x00000000ecc55808,0x00000000ee700000)
  to   space 31744K, 0% used [0x00000000f0700000,0x00000000f0700000,0x00000000f2600000)
 ParOldGen       total 125440K, used 85879K [0x00000000a0000000, 0x00000000a7a80000, 0x00000000e0000000)
  object space 125440K, 68% used [0x00000000a0000000,0x00000000a53ddfa8,0x00000000a7a80000)
 Metaspace       used 81869K, capacity 85548K, committed 85784K, reserved 1124352K
  class space    used 10773K, capacity 11537K, committed 11560K, reserved 1048576K
Event: 149.634 GC heap after
Heap after GC invocations=19 (full 3):
 PSYoungGen      total 257024K, used 17402K [0x00000000e0000000, 0x00000000f2000000, 0x0000000100000000)
  eden space 231424K, 0% used [0x00000000e0000000,0x00000000e0000000,0x00000000ee200000)
  from space 25600K, 67% used [0x00000000f0700000,0x00000000f17feb58,0x00000000f2000000)
  to   space 31744K, 0% used [0x00000000ee200000,0x00000000ee200000,0x00000000f0100000)
 ParOldGen       total 125440K, used 85887K [0x00000000a0000000, 0x00000000a7a80000, 0x00000000e0000000)
  object space 125440K, 68% used [0x00000000a0000000,0x00000000a53dffa8,0x00000000a7a80000)
 Metaspace       used 81869K, capacity 85548K, committed 85784K, reserved 1124352K
  class space    used 10773K, capacity 11537K, committed 11560K, reserved 1048576K
}
Event: 473.826 GC heap before
{Heap before GC invocations=20 (full 3):
 PSYoungGen      total 257024K, used 248826K [0x00000000e0000000, 0x00000000f2000000, 0x0000000100000000)
  eden space 231424K, 100% used [0x00000000e0000000,0x00000000ee200000,0x00000000ee200000)
  from space 25600K, 67% used [0x00000000f0700000,0x00000000f17feb58,0x00000000f2000000)
  to   space 31744K, 0% used [0x00000000ee200000,0x00000000ee200000,0x00000000f0100000)
 ParOldGen       total 125440K, used 85887K [0x00000000a0000000, 0x00000000a7a80000, 0x00000000e0000000)
  object space 125440K, 68% used [0x00000000a0000000,0x00000000a53dffa8,0x00000000a7a80000)
 Metaspace       used 83907K, capacity 88030K, committed 88216K, reserved 1126400K
  class space    used 10973K, capacity 11818K, committed 11944K, reserved 1048576K
Event: 473.879 GC heap after
Heap after GC invocations=20 (full 3):
 PSYoungGen      total 242688K, used 19168K [0x00000000e0000000, 0x00000000f1800000, 0x0000000100000000)
  eden space 223232K, 0% used [0x00000000e0000000,0x00000000e0000000,0x00000000eda00000)
  from space 19456K, 98% used [0x00000000ee200000,0x00000000ef4b8020,0x00000000ef500000)
  to   space 31744K, 0% used [0x00000000ef900000,0x00000000ef900000,0x00000000f1800000)
 ParOldGen       total 125440K, used 85895K [0x00000000a0000000, 0x00000000a7a80000, 0x00000000e0000000)
  object space 125440K, 68% used [0x00000000a0000000,0x00000000a53e1fa8,0x00000000a7a80000)
 Metaspace       used 83907K, capacity 88030K, committed 88216K, reserved 1126400K
  class space    used 10973K, capacity 11818K, committed 11944K, reserved 1048576K
}

